$$mono
  Time: Sat Feb 19 16:50:52 1994


PV: epics_bm:huber1              Type: ao           (epics_bm) 

DESC Huber motor 1
SCAN Passive
PINI NO
PHAS 0
EVNT 0
DTYP Soft Channel
DISV 1
SDIS 0.000000000000000e+00
DISS NO_ALARM
PRIO LOW
FLNK 0.000000000000000e+00
OUT  0.000000000000000e+00
OROC 0.0000000e+00
DOL  0.000000000000000e+00
OMSL supervisory
OIF  Full
PREC 0
LINR NO CONVERSION
EGUF 0.0000000e+00
EGUL 0.0000000e+00
EGU  
DRVH 0.0000000e+00
DRVL 0.0000000e+00
HOPR 0.0000000e+00
LOPR 0.0000000e+00
HIHI 0.0000000e+00
LOLO 0.0000000e+00
HIGH 0.0000000e+00
LOW  0.0000000e+00
HHSV NO_ALARM
LLSV NO_ALARM
HSV  NO_ALARM
LSV  NO_ALARM
HYST 0.000000000000000e+00
ADEL 0.000000000000000e+00
MDEL 0.000000000000000e+00
SIOL 0.000000000000000e+00
SIML 0.000000000000000e+00
SIMS NO_ALARM
IVOA Continue normally
IVOV 0.000000000000000e+00

PV: epics_bm:huber2              Type: ao           (epics_bm) 

DESC Huber motor 2
SCAN Passive
PINI NO
PHAS 0
EVNT 0
DTYP Soft Channel
DISV 1
SDIS 0.000000000000000e+00
DISS NO_ALARM
PRIO LOW
FLNK 0.000000000000000e+00
OUT  0.000000000000000e+00
OROC 0.0000000e+00
DOL  0.000000000000000e+00
OMSL supervisory
OIF  Full
PREC 0
LINR NO CONVERSION
EGUF 0.0000000e+00
EGUL 0.0000000e+00
EGU  
DRVH 0.0000000e+00
DRVL 0.0000000e+00
HOPR 0.0000000e+00
LOPR 0.0000000e+00
HIHI 0.0000000e+00
LOLO 0.0000000e+00
HIGH 0.0000000e+00
LOW  0.0000000e+00
HHSV NO_ALARM
LLSV NO_ALARM
HSV  NO_ALARM
LSV  NO_ALARM
HYST 0.000000000000000e+00
ADEL 0.000000000000000e+00
MDEL 0.000000000000000e+00
SIOL 0.000000000000000e+00
SIML 0.000000000000000e+00
SIMS NO_ALARM
IVOA Continue normally
IVOV 0.000000000000000e+00

PV: epics_bm:huber3              Type: ao           (epics_bm) 

DESC Huber motor 3
SCAN Passive
PINI NO
PHAS 0
EVNT 0
DTYP Soft Channel
DISV 1
SDIS 0.000000000000000e+00
DISS NO_ALARM
PRIO LOW
FLNK 0.000000000000000e+00
OUT  0.000000000000000e+00
OROC 0.0000000e+00
DOL  0.000000000000000e+00
OMSL supervisory
OIF  Full
PREC 0
LINR NO CONVERSION
EGUF 0.0000000e+00
EGUL 0.0000000e+00
EGU  
DRVH 0.0000000e+00
DRVL 0.0000000e+00
HOPR 0.0000000e+00
LOPR 0.0000000e+00
HIHI 0.0000000e+00
LOLO 0.0000000e+00
HIGH 0.0000000e+00
LOW  0.0000000e+00
HHSV NO_ALARM
LLSV NO_ALARM
HSV  NO_ALARM
LSV  NO_ALARM
HYST 0.000000000000000e+00
ADEL 0.000000000000000e+00
MDEL 0.000000000000000e+00
SIOL 0.000000000000000e+00
SIML 0.000000000000000e+00
SIMS NO_ALARM
IVOA Continue normally
IVOV 0.000000000000000e+00

PV: epics_bm:huber4              Type: ao           (epics_bm) 

DESC Huber motor 4
SCAN Passive
PINI NO
PHAS 0
EVNT 0
DTYP Soft Channel
DISV 1
SDIS 0.000000000000000e+00
DISS NO_ALARM
PRIO LOW
FLNK 0.000000000000000e+00
OUT  0.000000000000000e+00
OROC 0.0000000e+00
DOL  0.000000000000000e+00
OMSL supervisory
OIF  Full
PREC 0
LINR NO CONVERSION
EGUF 0.0000000e+00
EGUL 0.0000000e+00
EGU  
DRVH 0.0000000e+00
DRVL 0.0000000e+00
HOPR 0.0000000e+00
LOPR 0.0000000e+00
HIHI 0.0000000e+00
LOLO 0.0000000e+00
HIGH 0.0000000e+00
LOW  0.0000000e+00
HHSV NO_ALARM
LLSV NO_ALARM
HSV  NO_ALARM
LSV  NO_ALARM
HYST 0.000000000000000e+00
ADEL 0.000000000000000e+00
MDEL 0.000000000000000e+00
SIOL 0.000000000000000e+00
SIML 0.000000000000000e+00
SIMS NO_ALARM
IVOA Continue normally
IVOV 0.000000000000000e+00

PV: epics_bm:huber5              Type: ao           (epics_bm) 

DESC Huber motor 5
SCAN Passive
PINI NO
PHAS 0
EVNT 0
DTYP Soft Channel
DISV 1
SDIS 0.000000000000000e+00
DISS NO_ALARM
PRIO LOW
FLNK 0.000000000000000e+00
OUT  0.000000000000000e+00
OROC 0.0000000e+00
DOL  0.000000000000000e+00
OMSL supervisory
OIF  Full
PREC 0
LINR NO CONVERSION
EGUF 0.0000000e+00
EGUL 0.0000000e+00
EGU  
DRVH 0.0000000e+00
DRVL 0.0000000e+00
HOPR 0.0000000e+00
LOPR 0.0000000e+00
HIHI 0.0000000e+00
LOLO 0.0000000e+00
HIGH 0.0000000e+00
LOW  0.0000000e+00
HHSV NO_ALARM
LLSV NO_ALARM
HSV  NO_ALARM
LSV  NO_ALARM
HYST 0.000000000000000e+00
ADEL 0.000000000000000e+00
MDEL 0.000000000000000e+00
SIOL 0.000000000000000e+00
SIML 0.000000000000000e+00
SIMS NO_ALARM
IVOA Continue normally
IVOV 0.000000000000000e+00

PV: epics_bm:huber6              Type: ao           (epics_bm) 

DESC Huber motor 6
SCAN Passive
PINI NO
PHAS 0
EVNT 0
DTYP Soft Channel
DISV 1
SDIS 0.000000000000000e+00
DISS NO_ALARM
PRIO LOW
FLNK 0.000000000000000e+00
OUT  0.000000000000000e+00
OROC 0.0000000e+00
DOL  0.000000000000000e+00
OMSL supervisory
OIF  Full
PREC 0
LINR NO CONVERSION
EGUF 0.0000000e+00
EGUL 0.0000000e+00
EGU  
DRVH 0.0000000e+00
DRVL 0.0000000e+00
HOPR 0.0000000e+00
LOPR 0.0000000e+00
HIHI 0.0000000e+00
LOLO 0.0000000e+00
HIGH 0.0000000e+00
LOW  0.0000000e+00
HHSV NO_ALARM
LLSV NO_ALARM
HSV  NO_ALARM
LSV  NO_ALARM
HYST 0.000000000000000e+00
ADEL 0.000000000000000e+00
MDEL 0.000000000000000e+00
SIOL 0.000000000000000e+00
SIML 0.000000000000000e+00
SIMS NO_ALARM
IVOA Continue normally
IVOV 0.000000000000000e+00

PV: epics_bm:mono1               Type: ao           (epics_bm) 

DESC Monochromator motor 1
SCAN Passive
PINI NO
PHAS 0
EVNT 0
DTYP Soft Channel
DISV 1
SDIS 0.000000000000000e+00
DISS NO_ALARM
PRIO LOW
FLNK 0.000000000000000e+00
OUT  0.000000000000000e+00
OROC 0.0000000e+00
DOL  0.000000000000000e+00
OMSL supervisory
OIF  Full
PREC 0
LINR NO CONVERSION
EGUF 0.0000000e+00
EGUL 0.0000000e+00
EGU  
DRVH 0.0000000e+00
DRVL 0.0000000e+00
HOPR 0.0000000e+00
LOPR 0.0000000e+00
HIHI 0.0000000e+00
LOLO 0.0000000e+00
HIGH 0.0000000e+00
LOW  0.0000000e+00
HHSV NO_ALARM
LLSV NO_ALARM
HSV  NO_ALARM
LSV  NO_ALARM
HYST 0.000000000000000e+00
ADEL 0.000000000000000e+00
MDEL 0.000000000000000e+00
SIOL 0.000000000000000e+00
SIML 0.000000000000000e+00
SIMS NO_ALARM
IVOA Continue normally
IVOV 0.000000000000000e+00

PV: epics_bm:mono10              Type: ao           (epics_bm) 

DESC Monochromator motor 10
SCAN Passive
PINI NO
PHAS 0
EVNT 0
DTYP Soft Channel
DISV 1
SDIS 0.000000000000000e+00
DISS NO_ALARM
PRIO LOW
FLNK 0.000000000000000e+00
OUT  0.000000000000000e+00
OROC 0.0000000e+00
DOL  0.000000000000000e+00
OMSL supervisory
OIF  Full
PREC 0
LINR NO CONVERSION
EGUF 0.0000000e+00
EGUL 0.0000000e+00
EGU  
DRVH 0.0000000e+00
DRVL 0.0000000e+00
HOPR 0.0000000e+00
LOPR 0.0000000e+00
HIHI 0.0000000e+00
LOLO 0.0000000e+00
HIGH 0.0000000e+00
LOW  0.0000000e+00
HHSV NO_ALARM
LLSV NO_ALARM
HSV  NO_ALARM
LSV  NO_ALARM
HYST 0.000000000000000e+00
ADEL 0.000000000000000e+00
MDEL 0.000000000000000e+00
SIOL 0.000000000000000e+00
SIML 0.000000000000000e+00
SIMS NO_ALARM
IVOA Continue normally
IVOV 0.000000000000000e+00

PV: epics_bm:mono11              Type: ao           (epics_bm) 

DESC Monochromator motor 11
SCAN Passive
PINI NO
PHAS 0
EVNT 0
DTYP Soft Channel
DISV 1
SDIS 0.000000000000000e+00
DISS NO_ALARM
PRIO LOW
FLNK 0.000000000000000e+00
OUT  0.000000000000000e+00
OROC 0.0000000e+00
DOL  0.000000000000000e+00
OMSL supervisory
OIF  Full
PREC 0
LINR NO CONVERSION
EGUF 0.0000000e+00
EGUL 0.0000000e+00
EGU  
DRVH 0.0000000e+00
DRVL 0.0000000e+00
HOPR 0.0000000e+00
LOPR 0.0000000e+00
HIHI 0.0000000e+00
LOLO 0.0000000e+00
HIGH 0.0000000e+00
LOW  0.0000000e+00
HHSV NO_ALARM
LLSV NO_ALARM
HSV  NO_ALARM
LSV  NO_ALARM
HYST 0.000000000000000e+00
ADEL 0.000000000000000e+00
MDEL 0.000000000000000e+00
SIOL 0.000000000000000e+00
SIML 0.000000000000000e+00
SIMS NO_ALARM
IVOA Continue normally
IVOV 0.000000000000000e+00

PV: epics_bm:mono12              Type: ao           (epics_bm) 

DESC Monochromator motor 12
SCAN Passive
PINI NO
PHAS 0
EVNT 0
DTYP Soft Channel
DISV 1
SDIS 0.000000000000000e+00
DISS NO_ALARM
PRIO LOW
FLNK 0.000000000000000e+00
OUT  0.000000000000000e+00
OROC 0.0000000e+00
DOL  0.000000000000000e+00
OMSL supervisory
OIF  Full
PREC 0
LINR NO CONVERSION
EGUF 0.0000000e+00
EGUL 0.0000000e+00
EGU  
DRVH 0.0000000e+00
DRVL 0.0000000e+00
HOPR 0.0000000e+00
LOPR 0.0000000e+00
HIHI 0.0000000e+00
LOLO 0.0000000e+00
HIGH 0.0000000e+00
LOW  0.0000000e+00
HHSV NO_ALARM
LLSV NO_ALARM
HSV  NO_ALARM
LSV  NO_ALARM
HYST 0.000000000000000e+00
ADEL 0.000000000000000e+00
MDEL 0.000000000000000e+00
SIOL 0.000000000000000e+00
SIML 0.000000000000000e+00
SIMS NO_ALARM
IVOA Continue normally
IVOV 0.000000000000000e+00

PV: epics_bm:mono2               Type: ao           (epics_bm) 

DESC Monochromator motor 2
SCAN Passive
PINI NO
PHAS 0
EVNT 0
DTYP Soft Channel
DISV 1
SDIS 0.000000000000000e+00
DISS NO_ALARM
PRIO LOW
FLNK 0.000000000000000e+00
OUT  0.000000000000000e+00
OROC 0.0000000e+00
DOL  0.000000000000000e+00
OMSL supervisory
OIF  Full
PREC 0
LINR NO CONVERSION
EGUF 0.0000000e+00
EGUL 0.0000000e+00
EGU  
DRVH 0.0000000e+00
DRVL 0.0000000e+00
HOPR 0.0000000e+00
LOPR 0.0000000e+00
HIHI 0.0000000e+00
LOLO 0.0000000e+00
HIGH 0.0000000e+00
LOW  0.0000000e+00
HHSV NO_ALARM
LLSV NO_ALARM
HSV  NO_ALARM
LSV  NO_ALARM
HYST 0.000000000000000e+00
ADEL 0.000000000000000e+00
MDEL 0.000000000000000e+00
SIOL 0.000000000000000e+00
SIML 0.000000000000000e+00
SIMS NO_ALARM
IVOA Continue normally
IVOV 0.000000000000000e+00

PV: epics_bm:mono3               Type: ao           (epics_bm) 

DESC Monochromator motor 3
SCAN Passive
PINI NO
PHAS 0
EVNT 0
DTYP Soft Channel
DISV 1
SDIS 0.000000000000000e+00
DISS NO_ALARM
PRIO LOW
FLNK 0.000000000000000e+00
OUT  0.000000000000000e+00
OROC 0.0000000e+00
DOL  0.000000000000000e+00
OMSL supervisory
OIF  Full
PREC 0
LINR NO CONVERSION
EGUF 0.0000000e+00
EGUL 0.0000000e+00
EGU  
DRVH 0.0000000e+00
DRVL 0.0000000e+00
HOPR 0.0000000e+00
LOPR 0.0000000e+00
HIHI 0.0000000e+00
LOLO 0.0000000e+00
HIGH 0.0000000e+00
LOW  0.0000000e+00
HHSV NO_ALARM
LLSV NO_ALARM
HSV  NO_ALARM
LSV  NO_ALARM
HYST 0.000000000000000e+00
ADEL 0.000000000000000e+00
MDEL 0.000000000000000e+00
SIOL 0.000000000000000e+00
SIML 0.000000000000000e+00
SIMS NO_ALARM
IVOA Continue normally
IVOV 0.000000000000000e+00

PV: epics_bm:mono4               Type: ao           (epics_bm) 

DESC Monochromator motor 4
SCAN Passive
PINI NO
PHAS 0
EVNT 0
DTYP Soft Channel
DISV 1
SDIS 0.000000000000000e+00
DISS NO_ALARM
PRIO LOW
FLNK 0.000000000000000e+00
OUT  0.000000000000000e+00
OROC 0.0000000e+00
DOL  0.000000000000000e+00
OMSL supervisory
OIF  Full
PREC 0
LINR NO CONVERSION
EGUF 0.0000000e+00
EGUL 0.0000000e+00
EGU  
DRVH 0.0000000e+00
DRVL 0.0000000e+00
HOPR 0.0000000e+00
LOPR 0.0000000e+00
HIHI 0.0000000e+00
LOLO 0.0000000e+00
HIGH 0.0000000e+00
LOW  0.0000000e+00
HHSV NO_ALARM
LLSV NO_ALARM
HSV  NO_ALARM
LSV  NO_ALARM
HYST 0.000000000000000e+00
ADEL 0.000000000000000e+00
MDEL 0.000000000000000e+00
SIOL 0.000000000000000e+00
SIML 0.000000000000000e+00
SIMS NO_ALARM
IVOA Continue normally
IVOV 0.000000000000000e+00

PV: epics_bm:mono5               Type: ao           (epics_bm) 

DESC Monochromator motor 5
SCAN Passive
PINI NO
PHAS 0
EVNT 0
DTYP Soft Channel
DISV 1
SDIS 0.000000000000000e+00
DISS NO_ALARM
PRIO LOW
FLNK 0.000000000000000e+00
OUT  0.000000000000000e+00
OROC 0.0000000e+00
DOL  0.000000000000000e+00
OMSL supervisory
OIF  Full
PREC 0
LINR NO CONVERSION
EGUF 0.0000000e+00
EGUL 0.0000000e+00
EGU  
DRVH 0.0000000e+00
DRVL 0.0000000e+00
HOPR 0.0000000e+00
LOPR 0.0000000e+00
HIHI 0.0000000e+00
LOLO 0.0000000e+00
HIGH 0.0000000e+00
LOW  0.0000000e+00
HHSV NO_ALARM
LLSV NO_ALARM
HSV  NO_ALARM
LSV  NO_ALARM
HYST 0.000000000000000e+00
ADEL 0.000000000000000e+00
MDEL 0.000000000000000e+00
SIOL 0.000000000000000e+00
SIML 0.000000000000000e+00
SIMS NO_ALARM
IVOA Continue normally
IVOV 0.000000000000000e+00

PV: epics_bm:mono6               Type: ao           (epics_bm) 

DESC Monochromator motor 6
SCAN Passive
PINI NO
PHAS 0
EVNT 0
DTYP Soft Channel
DISV 1
SDIS 0.000000000000000e+00
DISS NO_ALARM
PRIO LOW
FLNK 0.000000000000000e+00
OUT  0.000000000000000e+00
OROC 0.0000000e+00
DOL  0.000000000000000e+00
OMSL supervisory
OIF  Full
PREC 0
LINR NO CONVERSION
EGUF 0.0000000e+00
EGUL 0.0000000e+00
EGU  
DRVH 0.0000000e+00
DRVL 0.0000000e+00
HOPR 0.0000000e+00
LOPR 0.0000000e+00
HIHI 0.0000000e+00
LOLO 0.0000000e+00
HIGH 0.0000000e+00
LOW  0.0000000e+00
HHSV NO_ALARM
LLSV NO_ALARM
HSV  NO_ALARM
LSV  NO_ALARM
HYST 0.000000000000000e+00
ADEL 0.000000000000000e+00
MDEL 0.000000000000000e+00
SIOL 0.000000000000000e+00
SIML 0.000000000000000e+00
SIMS NO_ALARM
IVOA Continue normally
IVOV 0.000000000000000e+00

PV: epics_bm:mono7               Type: ao           (epics_bm) 

DESC Monochromator motor 7
SCAN Passive
PINI NO
PHAS 0
EVNT 0
DTYP Soft Channel
DISV 1
SDIS 0.000000000000000e+00
DISS NO_ALARM
PRIO LOW
FLNK 0.000000000000000e+00
OUT  0.000000000000000e+00
OROC 0.0000000e+00
DOL  0.000000000000000e+00
OMSL supervisory
OIF  Full
PREC 0
LINR NO CONVERSION
EGUF 0.0000000e+00
EGUL 0.0000000e+00
EGU  
DRVH 0.0000000e+00
DRVL 0.0000000e+00
HOPR 0.0000000e+00
LOPR 0.0000000e+00
HIHI 0.0000000e+00
LOLO 0.0000000e+00
HIGH 0.0000000e+00
LOW  0.0000000e+00
HHSV NO_ALARM
LLSV NO_ALARM
HSV  NO_ALARM
LSV  NO_ALARM
HYST 0.000000000000000e+00
ADEL 0.000000000000000e+00
MDEL 0.000000000000000e+00
SIOL 0.000000000000000e+00
SIML 0.000000000000000e+00
SIMS NO_ALARM
IVOA Continue normally
IVOV 0.000000000000000e+00

PV: epics_bm:mono8               Type: ao           (epics_bm) 

DESC Monochromator motor 8
SCAN Passive
PINI NO
PHAS 0
EVNT 0
DTYP Soft Channel
DISV 1
SDIS 0.000000000000000e+00
DISS NO_ALARM
PRIO LOW
FLNK 0.000000000000000e+00
OUT  0.000000000000000e+00
OROC 0.0000000e+00
DOL  0.000000000000000e+00
OMSL supervisory
OIF  Full
PREC 0
LINR NO CONVERSION
EGUF 0.0000000e+00
EGUL 0.0000000e+00
EGU  
DRVH 0.0000000e+00
DRVL 0.0000000e+00
HOPR 0.0000000e+00
LOPR 0.0000000e+00
HIHI 0.0000000e+00
LOLO 0.0000000e+00
HIGH 0.0000000e+00
LOW  0.0000000e+00
HHSV NO_ALARM
LLSV NO_ALARM
HSV  NO_ALARM
LSV  NO_ALARM
HYST 0.000000000000000e+00
ADEL 0.000000000000000e+00
MDEL 0.000000000000000e+00
SIOL 0.000000000000000e+00
SIML 0.000000000000000e+00
SIMS NO_ALARM
IVOA Continue normally
IVOV 0.000000000000000e+00

PV: epics_bm:mono9               Type: ao           (epics_bm) 

DESC Monochromator motor 9
SCAN Passive
PINI NO
PHAS 0
EVNT 0
DTYP Soft Channel
DISV 1
SDIS 0.000000000000000e+00
DISS NO_ALARM
PRIO LOW
FLNK 0.000000000000000e+00
OUT  0.000000000000000e+00
OROC 0.0000000e+00
DOL  0.000000000000000e+00
OMSL supervisory
OIF  Full
PREC 0
LINR NO CONVERSION
EGUF 0.0000000e+00
EGUL 0.0000000e+00
EGU  
DRVH 0.0000000e+00
DRVL 0.0000000e+00
HOPR 0.0000000e+00
LOPR 0.0000000e+00
HIHI 0.0000000e+00
LOLO 0.0000000e+00
HIGH 0.0000000e+00
LOW  0.0000000e+00
HHSV NO_ALARM
LLSV NO_ALARM
HSV  NO_ALARM
LSV  NO_ALARM
HYST 0.000000000000000e+00
ADEL 0.000000000000000e+00
MDEL 0.000000000000000e+00
SIOL 0.000000000000000e+00
SIML 0.000000000000000e+00
SIMS NO_ALARM
IVOA Continue normally
IVOV 0.000000000000000e+00

PV: epics_bm:scaler1             Type: longin       (epics_bm) 

DESC Long input 1
SCAN Passive
PINI NO
PHAS 0
EVNT 0
DTYP Soft Channel
DISV 1
SDIS 0.000000000000000e+00
DISS NO_ALARM
PRIO LOW
FLNK 0.000000000000000e+00
INP  1.000000000000000
EGU  Counts
HOPR 0
LOPR 0
HIHI 0
LOLO 0
HIGH 0
LOW  0
HHSV NO_ALARM
LLSV NO_ALARM
HSV  NO_ALARM
LSV  NO_ALARM
HYST 0
ADEL 0
MDEL 0
SIOL 0.000000000000000e+00
SIML 0.000000000000000e+00
SIMS NO_ALARM

PV: epics_bm:scaler2             Type: longin       (epics_bm) 

DESC Long input 2
SCAN Passive
PINI NO
PHAS 0
EVNT 0
DTYP Soft Channel
DISV 1
SDIS 0.000000000000000e+00
DISS NO_ALARM
PRIO LOW
FLNK 0.000000000000000e+00
INP  2.000000000000000
EGU  Counts
HOPR 0
LOPR 0
HIHI 0
LOLO 0
HIGH 0
LOW  0
HHSV NO_ALARM
LLSV NO_ALARM
HSV  NO_ALARM
LSV  NO_ALARM
HYST 0
ADEL 0
MDEL 0
SIOL 0.000000000000000e+00
SIML 0.000000000000000e+00
SIMS NO_ALARM

PV: epics_bm:scaler3             Type: longin       (epics_bm) 

DESC Long input 3
SCAN Passive
PINI NO
PHAS 0
EVNT 0
DTYP Soft Channel
DISV 1
SDIS 0.000000000000000e+00
DISS NO_ALARM
PRIO LOW
FLNK 0.000000000000000e+00
INP  3.000000000000000
EGU  Counts
HOPR 0
LOPR 0
HIHI 0
LOLO 0
HIGH 0
LOW  0
HHSV NO_ALARM
LLSV NO_ALARM
HSV  NO_ALARM
LSV  NO_ALARM
HYST 0
ADEL 0
MDEL 0
SIOL 0.000000000000000e+00
SIML 0.000000000000000e+00
SIMS NO_ALARM

PV: epics_bm:scaler4             Type: longin       (epics_bm) 

DESC Long input 4
SCAN Passive
PINI NO
PHAS 0
EVNT 0
DTYP Soft Channel
DISV 1
SDIS 0.000000000000000e+00
DISS NO_ALARM
PRIO LOW
FLNK 0.000000000000000e+00
INP  4.000000000000000
EGU  Counts
HOPR 0
LOPR 0
HIHI 0
LOLO 0
HIGH 0
LOW  0
HHSV NO_ALARM
LLSV NO_ALARM
HSV  NO_ALARM
LSV  NO_ALARM
HYST 0
ADEL 0
MDEL 0
SIOL 0.000000000000000e+00
SIML 0.000000000000000e+00
SIMS NO_ALARM

PV: epics_bm:scaler5             Type: longin       (epics_bm) 

DESC Long input 5
SCAN Passive
PINI NO
PHAS 0
EVNT 0
DTYP Soft Channel
DISV 1
SDIS 0.000000000000000e+00
DISS NO_ALARM
PRIO LOW
FLNK 0.000000000000000e+00
INP  5.000000000000000
EGU  Counts
HOPR 0
LOPR 0
HIHI 0
LOLO 0
HIGH 0
LOW  0
HHSV NO_ALARM
LLSV NO_ALARM
HSV  NO_ALARM
LSV  NO_ALARM
HYST 0
ADEL 0
MDEL 0
SIOL 0.000000000000000e+00
SIML 0.000000000000000e+00
SIMS NO_ALARM

PV: epics_bm:scaler6             Type: longin       (epics_bm) 

DESC Long input 6
SCAN Passive
PINI NO
PHAS 0
EVNT 0
DTYP Soft Channel
DISV 1
SDIS 0.000000000000000e+00
DISS NO_ALARM
PRIO LOW
FLNK 0.000000000000000e+00
INP  6.000000000000000
EGU  Counts
HOPR 0
LOPR 0
HIHI 0
LOLO 0
HIGH 0
LOW  0
HHSV NO_ALARM
LLSV NO_ALARM
HSV  NO_ALARM
LSV  NO_ALARM
HYST 0
ADEL 0
MDEL 0
SIOL 0.000000000000000e+00
SIML 0.000000000000000e+00
SIMS NO_ALARM

PV: epics_bm:scaler7             Type: longin       (epics_bm) 

DESC Long input 8
SCAN Passive
PINI NO
PHAS 0
EVNT 0
DTYP Soft Channel
DISV 1
SDIS 0.000000000000000e+00
DISS NO_ALARM
PRIO LOW
FLNK 0.000000000000000e+00
INP  7.000000000000000
EGU  Counts
HOPR 0
LOPR 0
HIHI 0
LOLO 0
HIGH 0
LOW  0
HHSV NO_ALARM
LLSV NO_ALARM
HSV  NO_ALARM
LSV  NO_ALARM
HYST 0
ADEL 0
MDEL 0
SIOL 0.000000000000000e+00
SIML 0.000000000000000e+00
SIMS NO_ALARM

PV: epics_bm:scaler8             Type: longin       (epics_bm) 

DESC Long input 8
SCAN Passive
PINI NO
PHAS 0
EVNT 0
DTYP Soft Channel
DISV 1
SDIS 0.000000000000000e+00
DISS NO_ALARM
PRIO LOW
FLNK 0.000000000000000e+00
INP  8.000000000000000
EGU  Counts
HOPR 0
LOPR 0
HIHI 0
LOLO 0
HIGH 0
LOW  0
HHSV NO_ALARM
LLSV NO_ALARM
HSV  NO_ALARM
LSV  NO_ALARM
HYST 0
ADEL 0
MDEL 0
SIOL 0.000000000000000e+00
SIML 0.000000000000000e+00
SIMS NO_ALARM

PV: epics_bm:MCA1                Type: waveform     (epics_bm) 

DESC Waveform 1
SCAN Passive
PINI NO
PHAS 0
EVNT 0
DTYP Soft Channel
DISV 1
SDIS 0.000000000000000e+00
DISS NO_ALARM
PRIO LOW
FLNK 0.000000000000000e+00
RARM 0
PREC 0
INP  0.000000000000000e+00
EGU  
HOPR 0.0000000e+00
LOPR 0.0000000e+00
NELM 2048
FTVL LONG
SIOL 0.000000000000000e+00
SIML 0.000000000000000e+00
SIMS NO_ALARM
$$end
