
$$mono
  Time: Sat Feb 19 16:51:30 1994


PV: fft_freq                     Type: ao           (fft_demo) 

DESC Frequency of sin wave
SCAN Passive
PINI NO
PHAS 0
EVNT 0
DTYP Soft Channel
DISV 1
SDIS 0.000000000000000e+00
DISS NO_ALARM
PRIO LOW
FLNK 0.000000000000000e+00
OUT  0.000000000000000e+00
OROC 0.0000000e+00
DOL  1.000000000000000
OMSL supervisory
OIF  Full
PREC 0
LINR NO CONVERSION
EGUF 0.0000000e+00
EGUL 0.0000000e+00
EGU  
DRVH 0.0000000e+00
DRVL 0.0000000e+00
HOPR 0.0000000e+00
LOPR 0.0000000e+00
HIHI 0.0000000e+00
LOLO 0.0000000e+00
HIGH 0.0000000e+00
LOW  0.0000000e+00
HHSV NO_ALARM
LLSV NO_ALARM
HSV  NO_ALARM
LSV  NO_ALARM
HYST 0.000000000000000e+00
ADEL 0.000000000000000e+00
MDEL 0.000000000000000e+00
SIOL 0.000000000000000e+00
SIML 0.000000000000000e+00
SIMS NO_ALARM
IVOA Continue normally
IVOV 0.000000000000000e+00

PV: fft_noise                    Type: ao           (fft_demo) 

DESC Noise in FFT demo
SCAN Passive
PINI NO
PHAS 0
EVNT 0
DTYP Soft Channel
DISV 1
SDIS 0.000000000000000e+00
DISS NO_ALARM
PRIO LOW
FLNK 0.000000000000000e+00
OUT  0.000000000000000e+00
OROC 0.0000000e+00
DOL  0.000000000000000e+00
OMSL supervisory
OIF  Full
PREC 0
LINR NO CONVERSION
EGUF 0.0000000e+00
EGUL 0.0000000e+00
EGU  
DRVH 0.0000000e+00
DRVL 0.0000000e+00
HOPR 0.0000000e+00
LOPR 0.0000000e+00
HIHI 0.0000000e+00
LOLO 0.0000000e+00
HIGH 0.0000000e+00
LOW  0.0000000e+00
HHSV NO_ALARM
LLSV NO_ALARM
HSV  NO_ALARM
LSV  NO_ALARM
HYST 0.000000000000000e+00
ADEL 0.000000000000000e+00
MDEL 0.000000000000000e+00
SIOL 0.000000000000000e+00
SIML 0.000000000000000e+00
SIMS NO_ALARM
IVOA Continue normally
IVOV 0.000000000000000e+00

PV: fft_counter                  Type: calc         (fft_demo) 

DESC Counter for FFT record
SCAN Passive
PINI NO
PHAS 0
EVNT 0
DISV 1
SDIS 0.000000000000000e+00
DISS NO_ALARM
PRIO LOW
FLNK fft_sin.A   
CALC A+1
INPA fft_counter.VAL .NPP.NMS
INPB 0.000000000000000e+00
INPC 0.000000000000000e+00
INPD 0.000000000000000e+00
INPE 0.000000000000000e+00
INPF 0.000000000000000e+00
INPG 0.000000000000000e+00
INPH 0.000000000000000e+00
INPI 0.000000000000000e+00
INPJ 0.000000000000000e+00
INPK 0.000000000000000e+00
INPL 0.000000000000000e+00
EGU  
PREC 0
HOPR 0.0000000e+00
LOPR 0.0000000e+00
HIHI 0.0000000e+00
LOLO 0.0000000e+00
HIGH 0.0000000e+00
LOW  0.0000000e+00
HHSV NO_ALARM
LLSV NO_ALARM
HSV  NO_ALARM
LSV  NO_ALARM
HYST 0.000000000000000e+00
ADEL 0.000000000000000e+00
MDEL 0.000000000000000e+00

PV: fft_sin                      Type: calc         (fft_demo) 

DESC Noisy sine wave
SCAN Passive
PINI NO
PHAS 0
EVNT 0
DISV 1
SDIS 0.000000000000000e+00
DISS NO_ALARM
PRIO LOW
FLNK 0.000000000000000e+00
CALC SIN(A*B*.2*3.14159) + C*(RNDM-.5)
INPA fft_counter.VAL .NPP.NMS
INPB fft_freq.VAL .NPP.NMS
INPC fft_noise.VAL .NPP.NMS
INPD 0.000000000000000e+00
INPE 0.000000000000000e+00
INPF 0.000000000000000e+00
INPG 0.000000000000000e+00
INPH 0.000000000000000e+00
INPI 0.000000000000000e+00
INPJ 0.000000000000000e+00
INPK 0.000000000000000e+00
INPL 0.000000000000000e+00
EGU  
PREC 0
HOPR 0.0000000e+00
LOPR 0.0000000e+00
HIHI 0.0000000e+00
LOLO 0.0000000e+00
HIGH 0.0000000e+00
LOW  0.0000000e+00
HHSV NO_ALARM
LLSV NO_ALARM
HSV  NO_ALARM
LSV  NO_ALARM
HYST 0.000000000000000e+00
ADEL 0.000000000000000e+00
MDEL 0.000000000000000e+00
$$end
